<?xml version="1.0" encoding="UTF-8"?>
<!-- Generated by org.testng.reporters.JUnitReportReporter -->
<testsuite hostname="DESKTOP-OS6BKGO" failures="0" tests="6" name="com.tutorialninja.testcases.LoginTest" time="16.961" errors="0" timestamp="2025-10-21T21:09:57 IST" skipped="0">
  <testcase classname="com.tutorialninja.testcases.LoginTest" name="loginWithValidCredentials" time="2.920"/>
  <testcase classname="com.tutorialninja.testcases.LoginTest" name="loginWithValidCredentials" time="2.853"/>
  <testcase classname="com.tutorialninja.testcases.LoginTest" name="loginWithValidCredentials" time="2.767"/>
  <testcase classname="com.tutorialninja.testcases.LoginTest" name="loginWithInvalidCredentials" time="2.916"/>
  <testcase classname="com.tutorialninja.testcases.LoginTest" name="verifyWithValidEmailAndInvalidPassword" time="2.787"/>
  <testcase classname="com.tutorialninja.testcases.LoginTest" name="verifyWithInalidEmailAndValidPassword" time="2.718"/>
</testsuite> <!-- com.tutorialninja.testcases.LoginTest -->
