<?xml version="1.0" encoding="UTF-8"?>
<!-- Generated by org.testng.reporters.JUnitReportReporter -->
<testsuite hostname="DESKTOP-OS6BKGO" failures="0" tests="3" name="com.tutorialninja.testcases.SearchTest" time="8.791" errors="0" timestamp="2025-10-19T17:46:29 IST" skipped="0">
  <testcase classname="com.tutorialninja.testcases.SearchTest" name="VerifyWithInvalidProduct" time="3.051"/>
  <testcase classname="com.tutorialninja.testcases.SearchTest" name="verifyWithoutProduct" time="2.853"/>
  <testcase classname="com.tutorialninja.testcases.SearchTest" name="verifyWithValidProduct" time="2.887"/>
</testsuite> <!-- com.tutorialninja.testcases.SearchTest -->
