<?xml version="1.0" encoding="UTF-8"?>
<!-- Generated by org.testng.reporters.JUnitReportReporter -->
<testsuite hostname="DESKTOP-OS6BKGO" failures="0" tests="6" name="com.tutorialninja.testcases.LoginTest" time="25.400" errors="0" timestamp="2025-10-19T17:46:29 IST" skipped="0">
  <testcase classname="com.tutorialninja.testcases.LoginTest" name="loginWithValidCredentials" time="4.240"/>
  <testcase classname="com.tutorialninja.testcases.LoginTest" name="loginWithValidCredentials" time="4.493"/>
  <testcase classname="com.tutorialninja.testcases.LoginTest" name="loginWithValidCredentials" time="4.134"/>
  <testcase classname="com.tutorialninja.testcases.LoginTest" name="loginWithInvalidCredentials" time="3.899"/>
  <testcase classname="com.tutorialninja.testcases.LoginTest" name="verifyWithValidEmailAndInvalidPassword" time="4.180"/>
  <testcase classname="com.tutorialninja.testcases.LoginTest" name="verifyWithInalidEmailAndValidPassword" time="4.454"/>
</testsuite> <!-- com.tutorialninja.testcases.LoginTest -->
