<?xml version="1.0" encoding="UTF-8"?>
<!-- Generated by org.testng.reporters.JUnitReportReporter -->
<testsuite hostname="DESKTOP-OS6BKGO" failures="0" tests="6" name="com.tutorialninja.testcases.LoginTest" time="16.669" errors="0" timestamp="2025-10-19T19:54:46 IST" skipped="0">
  <testcase classname="com.tutorialninja.testcases.LoginTest" name="loginWithValidCredentials" time="2.858"/>
  <testcase classname="com.tutorialninja.testcases.LoginTest" name="loginWithValidCredentials" time="2.762"/>
  <testcase classname="com.tutorialninja.testcases.LoginTest" name="loginWithValidCredentials" time="3.026"/>
  <testcase classname="com.tutorialninja.testcases.LoginTest" name="loginWithInvalidCredentials" time="2.607"/>
  <testcase classname="com.tutorialninja.testcases.LoginTest" name="verifyWithValidEmailAndInvalidPassword" time="2.727"/>
  <testcase classname="com.tutorialninja.testcases.LoginTest" name="verifyWithInalidEmailAndValidPassword" time="2.689"/>
</testsuite> <!-- com.tutorialninja.testcases.LoginTest -->
