<?xml version="1.0" encoding="UTF-8"?>
<!-- Generated by org.testng.reporters.JUnitReportReporter -->
<testsuite hostname="DESKTOP-OS6BKGO" failures="0" tests="3" name="com.tutorialninja.testcases.SearchTest" time="5.986" errors="0" timestamp="2025-10-21T21:09:57 IST" skipped="0">
  <testcase classname="com.tutorialninja.testcases.SearchTest" name="verifyWithoutProduct" time="1.967"/>
  <testcase classname="com.tutorialninja.testcases.SearchTest" name="verifyWithValidProduct" time="2.049"/>
  <testcase classname="com.tutorialninja.testcases.SearchTest" name="VerifyWithInvalidProduct" time="1.970"/>
</testsuite> <!-- com.tutorialninja.testcases.SearchTest -->
