<?xml version="1.0" encoding="UTF-8"?>
<!-- Generated by org.testng.reporters.JUnitReportReporter -->
<testsuite hostname="DESKTOP-OS6BKGO" failures="0" tests="3" name="com.tutorialninja.testcases.RegisterTest" time="16.285" errors="0" timestamp="2025-07-22T19:14:58 IST" skipped="0">
  <testcase classname="com.tutorialninja.testcases.RegisterTest" name="verifyRegisteringAccWithAllFields" time="4.825"/>
  <testcase classname="com.tutorialninja.testcases.RegisterTest" name="verifyRegisteringAccWithExistingEmail" time="4.380"/>
  <testcase classname="com.tutorialninja.testcases.RegisterTest" name="verifyRegisteringAccWithMandFields" time="7.080"/>
</testsuite> <!-- com.tutorialninja.testcases.RegisterTest -->
