<?xml version="1.0" encoding="UTF-8"?>
<!-- Generated by org.testng.reporters.JUnitReportReporter -->
<testsuite hostname="DESKTOP-OS6BKGO" failures="0" tests="3" name="com.tutorialninja.testcases.RegisterTest" time="16.184" errors="0" timestamp="2025-09-28T18:59:05 IST" skipped="0">
  <testcase classname="com.tutorialninja.testcases.RegisterTest" name="verifyRegisteringAccWithAllFields" time="4.238"/>
  <testcase classname="com.tutorialninja.testcases.RegisterTest" name="verifyRegisteringAccWithExistingEmail" time="8.417"/>
  <testcase classname="com.tutorialninja.testcases.RegisterTest" name="verifyRegisteringAccWithMandFields" time="3.529"/>
</testsuite> <!-- com.tutorialninja.testcases.RegisterTest -->
