<?xml version="1.0" encoding="UTF-8"?>
<!-- Generated by org.testng.reporters.JUnitReportReporter -->
<testsuite hostname="DESKTOP-OS6BKGO" failures="0" tests="6" name="com.tutorialninja.testcases.LoginTest" time="18.934" errors="0" timestamp="2025-10-19T19:37:15 IST" skipped="0">
  <testcase classname="com.tutorialninja.testcases.LoginTest" name="loginWithValidCredentials" time="3.362"/>
  <testcase classname="com.tutorialninja.testcases.LoginTest" name="loginWithValidCredentials" time="3.171"/>
  <testcase classname="com.tutorialninja.testcases.LoginTest" name="loginWithValidCredentials" time="3.004"/>
  <testcase classname="com.tutorialninja.testcases.LoginTest" name="loginWithInvalidCredentials" time="3.293"/>
  <testcase classname="com.tutorialninja.testcases.LoginTest" name="verifyWithValidEmailAndInvalidPassword" time="2.968"/>
  <testcase classname="com.tutorialninja.testcases.LoginTest" name="verifyWithInalidEmailAndValidPassword" time="3.136"/>
</testsuite> <!-- com.tutorialninja.testcases.LoginTest -->
