<?xml version="1.0" encoding="UTF-8"?>
<!-- Generated by org.testng.reporters.JUnitReportReporter -->
<testsuite hostname="DESKTOP-OS6BKGO" failures="0" tests="3" name="com.tutorialninja.testcases.RegisterTest" time="13.605" errors="0" timestamp="2025-10-19T19:37:15 IST" skipped="0">
  <testcase classname="com.tutorialninja.testcases.RegisterTest" name="verifyRegisteringAccWithAllFields" time="4.054"/>
  <testcase classname="com.tutorialninja.testcases.RegisterTest" name="verifyRegisteringAccWithMandFields" time="3.845"/>
  <testcase classname="com.tutorialninja.testcases.RegisterTest" name="verifyRegisteringAccWithExistingEmail" time="5.706"/>
</testsuite> <!-- com.tutorialninja.testcases.RegisterTest -->
